<?xml version="1.0" encoding="UTF-8"?>
<!-- Generated by org.testng.reporters.JUnitReportReporter -->
<testsuite hostname="DESKTOP-TD0U1VE" failures="0" tests="3" name="apptest.HomePageTest4" time="26.618" errors="0" timestamp="2022-03-28T07:32:08 IST" skipped="0">
  <testcase classname="apptest.HomePageTest4" name="googleSearchTest" time="10.343"/>
  <system-out/>
  <testcase classname="apptest.HomePageTest4" name="openGoogleHomePageTest" time="12.726"/>
  <system-out/>
  <testcase classname="apptest.HomePageTest4" name="openSauceLabHomePageTest" time="3.549"/>
  <system-out/>
</testsuite> <!-- apptest.HomePageTest4 -->
