<?xml version="1.0" encoding="UTF-8"?>
<!-- Generated by org.testng.reporters.JUnitReportReporter -->
<testsuite hostname="DESKTOP-TD0U1VE" failures="0" tests="3" name="apptest.HomePageTest" time="65.006" errors="0" timestamp="2022-03-28T07:32:08 IST" skipped="0">
  <testcase classname="apptest.HomePageTest" name="googleSearchTest" time="22.429"/>
  <system-out/>
  <testcase classname="apptest.HomePageTest" name="openSauceLabHomePageTest" time="19.795"/>
  <system-out/>
  <testcase classname="apptest.HomePageTest" name="openGoogleHomePageTest" time="22.782"/>
  <system-out/>
</testsuite> <!-- apptest.HomePageTest -->
