<?xml version="1.0" encoding="UTF-8"?>
<!-- Generated by org.testng.reporters.JUnitReportReporter -->
<testsuite hostname="DESKTOP-TD0U1VE" failures="0" tests="3" name="apptest.HomePageTest3" time="37.229" errors="0" timestamp="2022-03-28T07:32:08 IST" skipped="0">
  <testcase classname="apptest.HomePageTest3" name="openGoogleHomePageTest" time="14.492"/>
  <system-out/>
  <testcase classname="apptest.HomePageTest3" name="googleSearchTest" time="14.525"/>
  <system-out/>
  <testcase classname="apptest.HomePageTest3" name="openSauceLabHomePageTest" time="8.212"/>
  <system-out/>
</testsuite> <!-- apptest.HomePageTest3 -->
