<?xml version="1.0" encoding="UTF-8"?>
<!-- Generated by org.testng.reporters.JUnitReportReporter -->
<testsuite hostname="DESKTOP-TD0U1VE" failures="0" tests="3" name="apptest.HomePageTest2" time="39.382" errors="0" timestamp="2022-03-28T07:32:08 IST" skipped="0">
  <testcase classname="apptest.HomePageTest2" name="openSauceLabHomePageTest" time="15.636"/>
  <system-out/>
  <testcase classname="apptest.HomePageTest2" name="googleSearchTest" time="12.978"/>
  <system-out/>
  <testcase classname="apptest.HomePageTest2" name="openGoogleHomePageTest" time="10.768"/>
  <system-out/>
</testsuite> <!-- apptest.HomePageTest2 -->
